[0602/202103.606:ERROR:process_reader_win.cc(151)] SuspendThread: Access is denied. (0x5)
[0602/202103.606:ERROR:process_reader_win.cc(123)] NtOpenThread: {Access Denied} A process has requested access to an object, but has not been granted those access rights. (0xc0000022)
[0602/202103.643:ERROR:process_reader_win.cc(123)] NtOpenThread: {Access Denied} A process has requested access to an object, but has not been granted those access rights. (0xc0000022)
[0602/202103.816:ERROR:exception_snapshot_win.cc(98)] thread ID 3256 not found in process
[0602/202103.816:ERROR:exception_snapshot_win.cc(98)] thread ID 7044 not found in process
[0602/202104.049:ERROR:process_reader_win.cc(123)] NtOpenThread: {Access Denied} A process has requested access to an object, but has not been granted those access rights. (0xc0000022)
[0602/202104.050:ERROR:exception_snapshot_win.cc(98)] thread ID 2832 not found in process
[0612/200902.440:ERROR:process_info.cc(329)] VirtualQueryEx: Access is denied. (0x5)
[0612/200902.517:ERROR:process_reader_win.cc(151)] SuspendThread: Access is denied. (0x5)
[0612/200902.573:ERROR:process_info.cc(556)] ReadMemoryInfo failed
[0612/200902.573:ERROR:process_reader_win.cc(151)] SuspendThread: Access is denied. (0x5)
[0612/200902.573:ERROR:process_reader_win.cc(151)] SuspendThread: Access is denied. (0x5)
[0612/200902.573:ERROR:process_reader_win.cc(151)] SuspendThread: Access is denied. (0x5)
[0612/200902.573:ERROR:process_reader_win.cc(151)] SuspendThread: Access is denied. (0x5)
[0612/200902.573:ERROR:process_reader_win.cc(151)] SuspendThread: Access is denied. (0x5)
[0612/200902.573:ERROR:process_reader_win.cc(151)] SuspendThread: Access is denied. (0x5)
[0612/200902.573:ERROR:process_reader_win.cc(123)] NtOpenThread: {Access Denied} A process has requested access to an object, but has not been granted those access rights. (0xc0000022)
[0612/200902.710:ERROR:exception_snapshot_win.cc(98)] thread ID 9604 not found in process
[0612/200902.573:ERROR:scoped_process_suspend.cc(40)] NtResumeProcess: An attempt was made to access an exiting process. (0xc000010a)
[0612/200902.986:ERROR:process_info.cc(329)] VirtualQueryEx: Access is denied. (0x5)
[0612/200902.986:ERROR:process_info.cc(556)] ReadMemoryInfo failed
[0612/200902.986:ERROR:scoped_process_suspend.cc(40)] NtResumeProcess: An attempt was made to access an exiting process. (0xc000010a)
[0612/200903.127:ERROR:process_reader_win.cc(123)] NtOpenThread: {Access Denied} A process has requested access to an object, but has not been granted those access rights. (0xc0000022)
[0612/200903.127:ERROR:exception_snapshot_win.cc(98)] thread ID 6676 not found in process
[0612/200904.363:ERROR:process_info.cc(329)] VirtualQueryEx: Access is denied. (0x5)
[0612/200904.363:ERROR:process_info.cc(556)] ReadMemoryInfo failed
[0612/200904.363:ERROR:scoped_process_suspend.cc(40)] NtResumeProcess: An attempt was made to access an exiting process. (0xc000010a)
[0617/002610.988:ERROR:process_info.cc(118)] ReadProcessMemory bool __cdecl crashpad::(anonymous namespace)::ReadStruct(HANDLE, crashpad::WinVMAddress, T *) [T = crashpad::process_types::PEB<crashpad::process_types::internal::Traits32>]: Only part of a ReadProcessMemory or WriteProcessMemory request was completed. (0x12B)
[0617/002611.095:ERROR:process_info.cc(551)] ReadProcessData failed
[0617/002611.095:ERROR:scoped_process_suspend.cc(40)] NtResumeProcess: An attempt was made to access an exiting process. (0xc000010a)
[0617/180115.303:ERROR:process_reader_win.cc(151)] SuspendThread: Access is denied. (0x5)
[0617/180115.163:ERROR:process_reader_win.cc(123)] NtOpenThread: {Access Denied} A process has requested access to an object, but has not been granted those access rights. (0xc0000022)
[0617/180114.711:ERROR:process_reader_win.cc(151)] SuspendThread: Access is denied. (0x5)
[0617/180114.619:ERROR:process_reader_win.cc(123)] NtOpenThread: {Access Denied} A process has requested access to an object, but has not been granted those access rights. (0xc0000022)
[0617/180115.727:ERROR:exception_snapshot_win.cc(98)] thread ID 8580 not found in process
[0617/180115.727:ERROR:process_reader_win.cc(151)] SuspendThread: Access is denied. (0x5)
[0617/180115.727:ERROR:process_reader_win.cc(151)] SuspendThread: Access is denied. (0x5)
[0617/180115.727:ERROR:exception_snapshot_win.cc(98)] thread ID 10388 not found in process
[0617/180115.727:ERROR:process_reader_win.cc(151)] SuspendThread: Access is denied. (0x5)
[0617/180115.727:ERROR:process_reader_win.cc(151)] SuspendThread: Access is denied. (0x5)
[0617/180115.727:ERROR:process_reader_win.cc(151)] SuspendThread: Access is denied. (0x5)
[0617/180115.727:ERROR:process_reader_win.cc(151)] SuspendThread: Access is denied. (0x5)
[0617/180115.727:ERROR:process_reader_win.cc(151)] SuspendThread: Access is denied. (0x5)
[0617/180115.727:ERROR:process_reader_win.cc(151)] SuspendThread: Access is denied. (0x5)
[0617/180115.727:ERROR:process_reader_win.cc(151)] SuspendThread: Access is denied. (0x5)
[0617/180115.727:ERROR:process_reader_win.cc(151)] SuspendThread: Access is denied. (0x5)
[0617/180115.727:ERROR:process_reader_win.cc(151)] SuspendThread: Access is denied. (0x5)
[0617/180115.727:ERROR:process_reader_win.cc(151)] SuspendThread: Access is denied. (0x5)
[0617/180115.727:ERROR:process_reader_win.cc(151)] SuspendThread: Access is denied. (0x5)
[0617/180115.727:ERROR:process_reader_win.cc(151)] SuspendThread: Access is denied. (0x5)
[0617/180115.727:ERROR:process_reader_win.cc(151)] SuspendThread: Access is denied. (0x5)
[0617/180115.727:ERROR:process_reader_win.cc(151)] SuspendThread: Access is denied. (0x5)
[0617/180115.727:ERROR:process_reader_win.cc(123)] NtOpenThread: {Access Denied} A process has requested access to an object, but has not been granted those access rights. (0xc0000022)
[0617/180115.727:ERROR:process_reader_win.cc(123)] NtOpenThread: {Access Denied} A process has requested access to an object, but has not been granted those access rights. (0xc0000022)
[0617/180115.727:ERROR:exception_snapshot_win.cc(98)] thread ID 7528 not found in process
[0617/180115.727:ERROR:exception_snapshot_win.cc(98)] thread ID 2224 not found in process
[0617/180116.151:ERROR:process_reader_win.cc(151)] SuspendThread: Access is denied. (0x5)
[0617/180116.151:ERROR:process_reader_win.cc(151)] SuspendThread: Access is denied. (0x5)
[0617/180116.151:ERROR:process_reader_win.cc(151)] SuspendThread: Access is denied. (0x5)
[0617/180116.151:ERROR:process_reader_win.cc(151)] SuspendThread: Access is denied. (0x5)
[0617/180116.151:ERROR:process_reader_win.cc(151)] SuspendThread: Access is denied. (0x5)
[0617/180116.151:ERROR:process_reader_win.cc(151)] SuspendThread: Access is denied. (0x5)
[0617/180116.151:ERROR:process_reader_win.cc(151)] SuspendThread: Access is denied. (0x5)
[0617/180116.151:ERROR:process_reader_win.cc(151)] SuspendThread: Access is denied. (0x5)
[0617/180116.151:ERROR:process_reader_win.cc(151)] SuspendThread: Access is denied. (0x5)
[0617/180116.151:ERROR:process_reader_win.cc(151)] SuspendThread: Access is denied. (0x5)
[0617/180116.151:ERROR:process_reader_win.cc(151)] SuspendThread: Access is denied. (0x5)
[0617/180116.151:ERROR:process_reader_win.cc(123)] NtOpenThread: {Access Denied} A process has requested access to an object, but has not been granted those access rights. (0xc0000022)
[0617/180116.151:ERROR:exception_snapshot_win.cc(98)] thread ID 4636 not found in process
[0617/180116.563:ERROR:process_info.cc(329)] VirtualQueryEx: Access is denied. (0x5)
[0617/180116.563:ERROR:process_info.cc(556)] ReadMemoryInfo failed
[0617/180116.563:ERROR:scoped_process_suspend.cc(40)] NtResumeProcess: An attempt was made to access an exiting process. (0xc000010a)
[0617/180117.151:ERROR:process_reader_win.cc(151)] SuspendThread: Access is denied. (0x5)
[0617/180117.155:ERROR:process_reader_win.cc(151)] SuspendThread: Access is denied. (0x5)
[0617/180117.155:ERROR:process_reader_win.cc(151)] SuspendThread: Access is denied. (0x5)
[0617/180117.155:ERROR:process_reader_win.cc(151)] SuspendThread: Access is denied. (0x5)
[0617/180117.155:ERROR:process_reader_win.cc(151)] SuspendThread: Access is denied. (0x5)
[0617/180117.155:ERROR:process_reader_win.cc(151)] SuspendThread: Access is denied. (0x5)
[0617/180117.155:ERROR:process_reader_win.cc(151)] SuspendThread: Access is denied. (0x5)
[0617/180117.155:ERROR:process_reader_win.cc(151)] SuspendThread: Access is denied. (0x5)
[0617/180117.155:ERROR:process_reader_win.cc(123)] NtOpenThread: {Access Denied} A process has requested access to an object, but has not been granted those access rights. (0xc0000022)
[0617/180117.155:ERROR:exception_snapshot_win.cc(98)] thread ID 1076 not found in process
[0617/180117.459:ERROR:process_reader_win.cc(123)] NtOpenThread: {Access Denied} A process has requested access to an object, but has not been granted those access rights. (0xc0000022)
[0617/180117.459:ERROR:exception_snapshot_win.cc(98)] thread ID 7096 not found in process
[0617/180117.531:ERROR:process_reader_win.cc(123)] NtOpenThread: {Access Denied} A process has requested access to an object, but has not been granted those access rights. (0xc0000022)
[0617/180117.531:ERROR:exception_snapshot_win.cc(98)] thread ID 872 not found in process
[0618/191837.543:ERROR:process_reader_win.cc(151)] SuspendThread: Access is denied. (0x5)
[0618/191838.161:ERROR:process_reader_win.cc(151)] SuspendThread: Access is denied. (0x5)
[0618/191838.161:ERROR:process_reader_win.cc(151)] SuspendThread: Access is denied. (0x5)
[0618/191838.161:ERROR:process_reader_win.cc(151)] SuspendThread: Access is denied. (0x5)
[0618/191838.161:ERROR:process_reader_win.cc(151)] SuspendThread: Access is denied. (0x5)
[0618/191838.161:ERROR:process_reader_win.cc(151)] SuspendThread: Access is denied. (0x5)
[0618/191838.161:ERROR:process_reader_win.cc(151)] SuspendThread: Access is denied. (0x5)
[0618/191838.161:ERROR:process_reader_win.cc(123)] NtOpenThread: {Access Denied} A process has requested access to an object, but has not been granted those access rights. (0xc0000022)
[0618/191838.326:ERROR:exception_snapshot_win.cc(98)] thread ID 10124 not found in process
[0618/191838.870:ERROR:process_reader_win.cc(151)] SuspendThread: Access is denied. (0x5)
[0618/191838.870:ERROR:process_reader_win.cc(151)] SuspendThread: Access is denied. (0x5)
[0618/191838.870:ERROR:process_reader_win.cc(151)] SuspendThread: Access is denied. (0x5)
[0618/191838.870:ERROR:process_reader_win.cc(151)] SuspendThread: Access is denied. (0x5)
[0618/191838.870:ERROR:process_reader_win.cc(151)] SuspendThread: Access is denied. (0x5)
[0618/191838.870:ERROR:process_reader_win.cc(151)] SuspendThread: Access is denied. (0x5)
[0618/191838.870:ERROR:process_reader_win.cc(151)] SuspendThread: Access is denied. (0x5)
[0618/191838.870:ERROR:process_reader_win.cc(151)] SuspendThread: Access is denied. (0x5)
[0618/191838.870:ERROR:process_reader_win.cc(151)] SuspendThread: Access is denied. (0x5)
[0618/191838.870:ERROR:process_reader_win.cc(123)] NtOpenThread: {Access Denied} A process has requested access to an object, but has not been granted those access rights. (0xc0000022)
[0618/191838.870:ERROR:exception_snapshot_win.cc(98)] thread ID 7596 not found in process
[0618/191838.889:ERROR:process_reader_win.cc(151)] SuspendThread: Access is denied. (0x5)
[0618/191838.889:ERROR:process_reader_win.cc(151)] SuspendThread: Access is denied. (0x5)
[0618/191838.889:ERROR:process_reader_win.cc(151)] SuspendThread: Access is denied. (0x5)
[0618/191838.889:ERROR:process_reader_win.cc(151)] SuspendThread: Access is denied. (0x5)
[0618/191838.889:ERROR:process_reader_win.cc(151)] SuspendThread: Access is denied. (0x5)
[0618/191838.889:ERROR:process_reader_win.cc(151)] SuspendThread: Access is denied. (0x5)
[0618/191838.889:ERROR:process_reader_win.cc(151)] SuspendThread: Access is denied. (0x5)
[0618/191838.889:ERROR:process_reader_win.cc(151)] SuspendThread: Access is denied. (0x5)
[0618/191838.889:ERROR:process_reader_win.cc(151)] SuspendThread: Access is denied. (0x5)
[0618/191838.889:ERROR:process_reader_win.cc(123)] NtOpenThread: {Access Denied} A process has requested access to an object, but has not been granted those access rights. (0xc0000022)
[0618/191838.889:ERROR:exception_snapshot_win.cc(98)] thread ID 8444 not found in process
[0618/191840.020:ERROR:process_reader_win.cc(151)] SuspendThread: Access is denied. (0x5)
[0618/191840.020:ERROR:process_reader_win.cc(151)] SuspendThread: Access is denied. (0x5)
[0618/191840.020:ERROR:process_reader_win.cc(151)] SuspendThread: Access is denied. (0x5)
[0618/191840.020:ERROR:process_reader_win.cc(151)] SuspendThread: Access is denied. (0x5)
[0618/191840.020:ERROR:process_reader_win.cc(151)] SuspendThread: Access is denied. (0x5)
[0618/191840.020:ERROR:process_reader_win.cc(151)] SuspendThread: Access is denied. (0x5)
[0618/191840.020:ERROR:process_reader_win.cc(151)] SuspendThread: Access is denied. (0x5)
[0618/191840.020:ERROR:process_reader_win.cc(151)] SuspendThread: Access is denied. (0x5)
[0618/191840.020:ERROR:process_reader_win.cc(151)] SuspendThread: Access is denied. (0x5)
[0618/191840.020:ERROR:process_reader_win.cc(151)] SuspendThread: Access is denied. (0x5)
[0618/191840.020:ERROR:process_reader_win.cc(123)] NtOpenThread: {Access Denied} A process has requested access to an object, but has not been granted those access rights. (0xc0000022)
[0618/191840.020:ERROR:exception_snapshot_win.cc(98)] thread ID 5432 not found in process
[0618/191841.328:ERROR:process_reader_win.cc(151)] SuspendThread: Access is denied. (0x5)
[0618/191841.328:ERROR:process_reader_win.cc(151)] SuspendThread: Access is denied. (0x5)
[0618/191841.328:ERROR:process_reader_win.cc(151)] SuspendThread: Access is denied. (0x5)
[0618/191841.328:ERROR:process_reader_win.cc(151)] SuspendThread: Access is denied. (0x5)
[0618/191841.328:ERROR:process_reader_win.cc(151)] SuspendThread: Access is denied. (0x5)
[0618/191841.328:ERROR:process_reader_win.cc(151)] SuspendThread: Access is denied. (0x5)
[0618/191841.328:ERROR:process_reader_win.cc(151)] SuspendThread: Access is denied. (0x5)
[0618/191841.328:ERROR:process_reader_win.cc(151)] SuspendThread: Access is denied. (0x5)
[0618/191841.328:ERROR:process_reader_win.cc(151)] SuspendThread: Access is denied. (0x5)
[0618/191841.328:ERROR:process_reader_win.cc(151)] SuspendThread: Access is denied. (0x5)
[0618/191841.328:ERROR:process_reader_win.cc(151)] SuspendThread: Access is denied. (0x5)
[0618/191841.328:ERROR:process_reader_win.cc(123)] NtOpenThread: {Access Denied} A process has requested access to an object, but has not been granted those access rights. (0xc0000022)
[0618/191841.328:ERROR:exception_snapshot_win.cc(98)] thread ID 5440 not found in process
[0618/191841.608:ERROR:process_reader_win.cc(151)] SuspendThread: Access is denied. (0x5)
[0618/191841.608:ERROR:process_reader_win.cc(151)] SuspendThread: Access is denied. (0x5)
[0618/191841.608:ERROR:process_reader_win.cc(151)] SuspendThread: Access is denied. (0x5)
[0618/191841.608:ERROR:process_reader_win.cc(151)] SuspendThread: Access is denied. (0x5)
[0618/191841.608:ERROR:process_reader_win.cc(151)] SuspendThread: Access is denied. (0x5)
[0618/191841.608:ERROR:process_reader_win.cc(151)] SuspendThread: Access is denied. (0x5)
[0618/191841.608:ERROR:process_reader_win.cc(151)] SuspendThread: Access is denied. (0x5)
[0618/191841.608:ERROR:process_reader_win.cc(151)] SuspendThread: Access is denied. (0x5)
[0618/191841.608:ERROR:process_reader_win.cc(151)] SuspendThread: Access is denied. (0x5)
[0618/191841.608:ERROR:process_reader_win.cc(151)] SuspendThread: Access is denied. (0x5)
[0618/191841.608:ERROR:exception_snapshot_win.cc(98)] thread ID 4452 not found in process
[0625/190400.142:ERROR:process_reader_win.cc(123)] NtOpenThread: {Access Denied} A process has requested access to an object, but has not been granted those access rights. (0xc0000022)
[0625/190400.440:ERROR:exception_snapshot_win.cc(98)] thread ID 6688 not found in process
[0625/190400.480:ERROR:process_info.cc(329)] VirtualQueryEx: Access is denied. (0x5)
[0625/190400.480:ERROR:process_info.cc(556)] ReadMemoryInfo failed
[0625/190400.480:ERROR:scoped_process_suspend.cc(40)] NtResumeProcess: An attempt was made to access an exiting process. (0xc000010a)
[0625/190401.230:ERROR:process_info.cc(329)] VirtualQueryEx: Access is denied. (0x5)
[0625/190401.230:ERROR:process_info.cc(556)] ReadMemoryInfo failed
[0625/190401.230:ERROR:scoped_process_suspend.cc(40)] NtResumeProcess: An attempt was made to access an exiting process. (0xc000010a)
[0625/190401.726:ERROR:process_reader_win.cc(123)] NtOpenThread: {Access Denied} A process has requested access to an object, but has not been granted those access rights. (0xc0000022)
[0625/190401.726:ERROR:exception_snapshot_win.cc(98)] thread ID 8548 not found in process
[0626/110435.026:ERROR:process_reader_win.cc(151)] SuspendThread: Access is denied. (0x5)
[0626/110435.434:ERROR:process_reader_win.cc(151)] SuspendThread: Access is denied. (0x5)
[0626/110435.434:ERROR:process_reader_win.cc(151)] SuspendThread: Access is denied. (0x5)
[0626/110435.434:ERROR:process_reader_win.cc(151)] SuspendThread: Access is denied. (0x5)
[0626/110435.434:ERROR:process_reader_win.cc(151)] SuspendThread: Access is denied. (0x5)
[0626/110435.434:ERROR:process_reader_win.cc(151)] SuspendThread: Access is denied. (0x5)
[0626/110435.434:ERROR:process_reader_win.cc(151)] SuspendThread: Access is denied. (0x5)
[0626/110435.434:ERROR:process_reader_win.cc(151)] SuspendThread: Access is denied. (0x5)
[0626/110435.434:ERROR:process_reader_win.cc(151)] SuspendThread: Access is denied. (0x5)
[0626/110435.434:ERROR:process_reader_win.cc(151)] SuspendThread: Access is denied. (0x5)
[0626/110435.434:ERROR:process_reader_win.cc(123)] NtOpenThread: {Access Denied} A process has requested access to an object, but has not been granted those access rights. (0xc0000022)
[0626/110435.646:ERROR:exception_snapshot_win.cc(98)] thread ID 3452 not found in process
[0629/192251.702:ERROR:process_reader_win.cc(151)] SuspendThread: Access is denied. (0x5)
[0629/192252.298:ERROR:process_reader_win.cc(151)] SuspendThread: Access is denied. (0x5)
[0629/192252.326:ERROR:process_reader_win.cc(151)] SuspendThread: Access is denied. (0x5)
[0629/192253.050:ERROR:process_reader_win.cc(151)] SuspendThread: Access is denied. (0x5)
[0629/192253.050:ERROR:process_reader_win.cc(151)] SuspendThread: Access is denied. (0x5)
[0629/192253.050:ERROR:process_reader_win.cc(151)] SuspendThread: Access is denied. (0x5)
[0629/192253.050:ERROR:process_reader_win.cc(151)] SuspendThread: Access is denied. (0x5)
[0629/192253.050:ERROR:process_reader_win.cc(151)] SuspendThread: Access is denied. (0x5)
[0629/192253.050:ERROR:process_reader_win.cc(151)] SuspendThread: Access is denied. (0x5)
[0629/192253.050:ERROR:process_reader_win.cc(151)] SuspendThread: Access is denied. (0x5)
[0629/192253.050:ERROR:process_reader_win.cc(151)] SuspendThread: Access is denied. (0x5)
[0629/192253.050:ERROR:process_reader_win.cc(151)] SuspendThread: Access is denied. (0x5)
[0629/192253.050:ERROR:process_reader_win.cc(151)] SuspendThread: Access is denied. (0x5)
[0629/192253.050:ERROR:process_reader_win.cc(151)] SuspendThread: Access is denied. (0x5)
[0629/192253.050:ERROR:process_reader_win.cc(151)] SuspendThread: Access is denied. (0x5)
[0629/192253.050:ERROR:process_reader_win.cc(151)] SuspendThread: Access is denied. (0x5)
[0629/192253.050:ERROR:process_reader_win.cc(151)] SuspendThread: Access is denied. (0x5)
[0629/192253.050:ERROR:process_reader_win.cc(151)] SuspendThread: Access is denied. (0x5)
[0629/192253.050:ERROR:process_reader_win.cc(151)] SuspendThread: Access is denied. (0x5)
[0629/192253.050:ERROR:process_reader_win.cc(151)] SuspendThread: Access is denied. (0x5)
[0629/192253.050:ERROR:process_reader_win.cc(151)] SuspendThread: Access is denied. (0x5)
[0629/192253.050:ERROR:process_reader_win.cc(151)] SuspendThread: Access is denied. (0x5)
[0629/192253.050:ERROR:process_reader_win.cc(151)] SuspendThread: Access is denied. (0x5)
[0629/192253.050:ERROR:process_reader_win.cc(151)] SuspendThread: Access is denied. (0x5)
[0629/192253.050:ERROR:process_reader_win.cc(151)] SuspendThread: Access is denied. (0x5)
[0629/192253.050:ERROR:process_reader_win.cc(151)] SuspendThread: Access is denied. (0x5)
[0629/192253.050:ERROR:process_reader_win.cc(151)] SuspendThread: Access is denied. (0x5)
[0629/192253.050:ERROR:process_reader_win.cc(151)] SuspendThread: Access is denied. (0x5)
[0629/192253.050:ERROR:process_reader_win.cc(151)] SuspendThread: Access is denied. (0x5)
[0629/192253.186:ERROR:process_reader_win.cc(151)] SuspendThread: Access is denied. (0x5)
[0629/192253.186:ERROR:process_reader_win.cc(151)] SuspendThread: Access is denied. (0x5)
[0629/192253.186:ERROR:process_reader_win.cc(151)] SuspendThread: Access is denied. (0x5)
[0629/192253.186:ERROR:process_reader_win.cc(151)] SuspendThread: Access is denied. (0x5)
[0629/192253.186:ERROR:process_reader_win.cc(151)] SuspendThread: Access is denied. (0x5)
[0629/192253.186:ERROR:process_reader_win.cc(151)] SuspendThread: Access is denied. (0x5)
[0629/192253.186:ERROR:process_reader_win.cc(151)] SuspendThread: Access is denied. (0x5)
[0629/192253.186:ERROR:process_reader_win.cc(151)] SuspendThread: Access is denied. (0x5)
[0629/192253.186:ERROR:process_reader_win.cc(151)] SuspendThread: Access is denied. (0x5)
[0629/192253.186:ERROR:process_reader_win.cc(151)] SuspendThread: Access is denied. (0x5)
[0629/192253.186:ERROR:process_reader_win.cc(151)] SuspendThread: Access is denied. (0x5)
[0629/192253.050:ERROR:process_reader_win.cc(123)] NtOpenThread: {Access Denied} A process has requested access to an object, but has not been granted those access rights. (0xc0000022)
[0629/192253.050:ERROR:process_reader_win.cc(123)] NtOpenThread: {Access Denied} A process has requested access to an object, but has not been granted those access rights. (0xc0000022)
[0629/192253.530:ERROR:exception_snapshot_win.cc(98)] thread ID 5884 not found in process
[0629/192253.050:ERROR:process_reader_win.cc(123)] NtOpenThread: {Access Denied} A process has requested access to an object, but has not been granted those access rights. (0xc0000022)
[0629/192253.186:ERROR:process_reader_win.cc(123)] NtOpenThread: {Access Denied} A process has requested access to an object, but has not been granted those access rights. (0xc0000022)
[0629/192253.534:ERROR:exception_snapshot_win.cc(98)] thread ID 1364 not found in process
[0629/192253.534:ERROR:exception_snapshot_win.cc(98)] thread ID 7424 not found in process
[0629/192253.534:ERROR:exception_snapshot_win.cc(98)] thread ID 9064 not found in process
[0629/192254.526:ERROR:process_reader_win.cc(123)] NtOpenThread: {Access Denied} A process has requested access to an object, but has not been granted those access rights. (0xc0000022)
[0629/192254.526:ERROR:exception_snapshot_win.cc(98)] thread ID 9444 not found in process
[0630/183604.462:ERROR:process_reader_win.cc(151)] SuspendThread: Access is denied. (0x5)
[0630/183604.603:ERROR:process_reader_win.cc(151)] SuspendThread: Access is denied. (0x5)
[0630/183604.603:ERROR:process_reader_win.cc(151)] SuspendThread: Access is denied. (0x5)
[0630/183604.603:ERROR:process_reader_win.cc(151)] SuspendThread: Access is denied. (0x5)
[0630/183604.603:ERROR:process_reader_win.cc(151)] SuspendThread: Access is denied. (0x5)
[0630/183604.728:ERROR:process_reader_win.cc(151)] SuspendThread: Access is denied. (0x5)
[0630/183604.728:ERROR:process_reader_win.cc(151)] SuspendThread: Access is denied. (0x5)
[0630/183604.728:ERROR:process_reader_win.cc(151)] SuspendThread: Access is denied. (0x5)
[0630/183604.728:ERROR:process_reader_win.cc(151)] SuspendThread: Access is denied. (0x5)
[0630/183604.845:ERROR:process_reader_win.cc(151)] SuspendThread: Access is denied. (0x5)
[0630/183604.845:ERROR:process_reader_win.cc(151)] SuspendThread: Access is denied. (0x5)
[0630/183604.845:ERROR:process_reader_win.cc(151)] SuspendThread: Access is denied. (0x5)
[0630/183604.845:ERROR:process_reader_win.cc(151)] SuspendThread: Access is denied. (0x5)
[0630/183604.845:ERROR:process_reader_win.cc(151)] SuspendThread: Access is denied. (0x5)
[0630/183604.554:ERROR:process_reader_win.cc(123)] NtOpenThread: {Access Denied} A process has requested access to an object, but has not been granted those access rights. (0xc0000022)
[0630/183604.603:ERROR:process_reader_win.cc(123)] NtOpenThread: {Access Denied} A process has requested access to an object, but has not been granted those access rights. (0xc0000022)
[0630/183604.873:ERROR:exception_snapshot_win.cc(98)] thread ID 4992 not found in process
[0630/183604.728:ERROR:process_reader_win.cc(123)] NtOpenThread: {Access Denied} A process has requested access to an object, but has not been granted those access rights. (0xc0000022)
[0630/183604.845:ERROR:process_reader_win.cc(123)] NtOpenThread: {Access Denied} A process has requested access to an object, but has not been granted those access rights. (0xc0000022)
[0630/183604.985:ERROR:exception_snapshot_win.cc(98)] thread ID 600 not found in process
[0630/183604.985:ERROR:exception_snapshot_win.cc(98)] thread ID 3468 not found in process
[0630/183604.985:ERROR:exception_snapshot_win.cc(98)] thread ID 8428 not found in process
[0630/183606.289:ERROR:process_reader_win.cc(151)] SuspendThread: Access is denied. (0x5)
[0630/183606.289:ERROR:process_reader_win.cc(151)] SuspendThread: Access is denied. (0x5)
[0630/183606.289:ERROR:process_reader_win.cc(151)] SuspendThread: Access is denied. (0x5)
[0630/183606.289:ERROR:process_reader_win.cc(151)] SuspendThread: Access is denied. (0x5)
[0630/183606.289:ERROR:process_reader_win.cc(151)] SuspendThread: Access is denied. (0x5)
[0630/183606.289:ERROR:process_reader_win.cc(151)] SuspendThread: Access is denied. (0x5)
[0630/183606.289:ERROR:process_reader_win.cc(151)] SuspendThread: Access is denied. (0x5)
[0630/183606.289:ERROR:process_reader_win.cc(151)] SuspendThread: Access is denied. (0x5)
[0630/183606.289:ERROR:process_reader_win.cc(151)] SuspendThread: Access is denied. (0x5)
[0630/183606.289:ERROR:process_reader_win.cc(123)] NtOpenThread: {Access Denied} A process has requested access to an object, but has not been granted those access rights. (0xc0000022)
[0630/183606.289:ERROR:exception_snapshot_win.cc(98)] thread ID 6028 not found in process
[0701/184610.079:ERROR:process_reader_win.cc(123)] NtOpenThread: {Access Denied} A process has requested access to an object, but has not been granted those access rights. (0xc0000022)
[0701/184610.235:ERROR:exception_snapshot_win.cc(98)] thread ID 740 not found in process
[0702/192024.957:ERROR:process_reader_win.cc(151)] SuspendThread: Access is denied. (0x5)
[0702/192025.149:ERROR:process_reader_win.cc(151)] SuspendThread: Access is denied. (0x5)
[0702/192025.149:ERROR:process_reader_win.cc(151)] SuspendThread: Access is denied. (0x5)
[0702/192025.149:ERROR:process_reader_win.cc(151)] SuspendThread: Access is denied. (0x5)
[0702/192025.149:ERROR:process_reader_win.cc(151)] SuspendThread: Access is denied. (0x5)
[0702/192025.149:ERROR:process_reader_win.cc(151)] SuspendThread: Access is denied. (0x5)
[0702/192025.149:ERROR:process_reader_win.cc(151)] SuspendThread: Access is denied. (0x5)
[0702/192025.149:ERROR:process_reader_win.cc(151)] SuspendThread: Access is denied. (0x5)
[0702/192025.149:ERROR:exception_snapshot_win.cc(98)] thread ID 1320 not found in process
[0702/192025.241:ERROR:process_reader_win.cc(151)] SuspendThread: Access is denied. (0x5)
[0702/192025.241:ERROR:process_reader_win.cc(151)] SuspendThread: Access is denied. (0x5)
[0702/192025.241:ERROR:process_reader_win.cc(151)] SuspendThread: Access is denied. (0x5)
[0702/192025.241:ERROR:process_reader_win.cc(151)] SuspendThread: Access is denied. (0x5)
[0702/192025.241:ERROR:process_reader_win.cc(151)] SuspendThread: Access is denied. (0x5)
[0702/192025.241:ERROR:process_reader_win.cc(151)] SuspendThread: Access is denied. (0x5)
[0702/192025.241:ERROR:process_reader_win.cc(151)] SuspendThread: Access is denied. (0x5)
[0702/192025.241:ERROR:process_reader_win.cc(151)] SuspendThread: Access is denied. (0x5)
[0702/192025.241:ERROR:exception_snapshot_win.cc(98)] thread ID 8264 not found in process
[0706/185638.070:ERROR:process_reader_win.cc(151)] SuspendThread: Access is denied. (0x5)
[0706/185638.703:ERROR:process_reader_win.cc(151)] SuspendThread: Access is denied. (0x5)
[0706/185638.704:ERROR:process_reader_win.cc(151)] SuspendThread: Access is denied. (0x5)
[0706/185638.704:ERROR:process_reader_win.cc(151)] SuspendThread: Access is denied. (0x5)
[0706/185638.704:ERROR:process_reader_win.cc(151)] SuspendThread: Access is denied. (0x5)
[0706/185638.704:ERROR:process_reader_win.cc(151)] SuspendThread: Access is denied. (0x5)
[0706/185638.704:ERROR:process_reader_win.cc(151)] SuspendThread: Access is denied. (0x5)
[0706/185638.704:ERROR:process_reader_win.cc(151)] SuspendThread: Access is denied. (0x5)
[0706/185638.704:ERROR:process_reader_win.cc(123)] NtOpenThread: {Access Denied} A process has requested access to an object, but has not been granted those access rights. (0xc0000022)
[0706/185638.872:ERROR:exception_snapshot_win.cc(98)] thread ID 9204 not found in process
[0706/185639.186:ERROR:process_reader_win.cc(123)] NtOpenThread: {Access Denied} A process has requested access to an object, but has not been granted those access rights. (0xc0000022)
[0706/185639.186:ERROR:exception_snapshot_win.cc(98)] thread ID 3764 not found in process
[0707/184237.380:ERROR:process_reader_win.cc(151)] SuspendThread: Access is denied. (0x5)
[0707/184237.669:ERROR:process_reader_win.cc(151)] SuspendThread: Access is denied. (0x5)
[0707/184238.193:ERROR:process_reader_win.cc(151)] SuspendThread: Access is denied. (0x5)
[0707/184238.193:ERROR:process_reader_win.cc(151)] SuspendThread: Access is denied. (0x5)
[0707/184238.193:ERROR:process_reader_win.cc(151)] SuspendThread: Access is denied. (0x5)
[0707/184238.193:ERROR:process_reader_win.cc(151)] SuspendThread: Access is denied. (0x5)
[0707/184238.193:ERROR:process_reader_win.cc(151)] SuspendThread: Access is denied. (0x5)
[0707/184237.959:ERROR:process_reader_win.cc(123)] NtOpenThread: {Access Denied} A process has requested access to an object, but has not been granted those access rights. (0xc0000022)
[0707/184238.284:ERROR:exception_snapshot_win.cc(98)] thread ID 4908 not found in process
[0707/184238.193:ERROR:process_reader_win.cc(123)] NtOpenThread: {Access Denied} A process has requested access to an object, but has not been granted those access rights. (0xc0000022)
[0707/184238.193:ERROR:process_reader_win.cc(123)] NtOpenThread: An invalid Client ID was specified. (0xc000000b)
[0707/184238.284:ERROR:exception_snapshot_win.cc(98)] thread ID 10528 not found in process
[0707/184238.284:ERROR:exception_snapshot_win.cc(98)] thread ID 10472 not found in process
[0707/184238.568:ERROR:process_reader_win.cc(151)] SuspendThread: Access is denied. (0x5)
[0707/184238.568:ERROR:exception_snapshot_win.cc(98)] thread ID 5008 not found in process
[0707/184238.568:ERROR:scoped_process_suspend.cc(40)] NtResumeProcess: An attempt was made to access an exiting process. (0xc000010a)
[0708/193059.180:ERROR:process_reader_win.cc(151)] SuspendThread: Access is denied. (0x5)
[0708/193059.530:ERROR:process_reader_win.cc(151)] SuspendThread: Access is denied. (0x5)
[0708/193059.530:ERROR:process_reader_win.cc(151)] SuspendThread: Access is denied. (0x5)
[0708/193059.530:ERROR:process_reader_win.cc(151)] SuspendThread: Access is denied. (0x5)
[0708/193059.530:ERROR:process_reader_win.cc(151)] SuspendThread: Access is denied. (0x5)
[0708/193059.530:ERROR:process_reader_win.cc(151)] SuspendThread: Access is denied. (0x5)
[0708/193059.530:ERROR:process_reader_win.cc(151)] SuspendThread: Access is denied. (0x5)
[0708/193059.530:ERROR:process_reader_win.cc(151)] SuspendThread: Access is denied. (0x5)
[0708/193059.530:ERROR:process_reader_win.cc(123)] NtOpenThread: {Access Denied} A process has requested access to an object, but has not been granted those access rights. (0xc0000022)
[0708/193059.609:ERROR:exception_snapshot_win.cc(98)] thread ID 7172 not found in process
[0708/193059.677:ERROR:process_reader_win.cc(151)] SuspendThread: Access is denied. (0x5)
[0708/193059.677:ERROR:process_reader_win.cc(151)] SuspendThread: Access is denied. (0x5)
[0708/193059.677:ERROR:process_reader_win.cc(151)] SuspendThread: Access is denied. (0x5)
[0708/193059.677:ERROR:process_reader_win.cc(151)] SuspendThread: Access is denied. (0x5)
[0708/193059.677:ERROR:process_reader_win.cc(151)] SuspendThread: Access is denied. (0x5)
[0708/193059.677:ERROR:process_reader_win.cc(151)] SuspendThread: Access is denied. (0x5)
[0708/193059.677:ERROR:process_reader_win.cc(151)] SuspendThread: Access is denied. (0x5)
[0708/193059.677:ERROR:process_reader_win.cc(151)] SuspendThread: Access is denied. (0x5)
[0708/193059.677:ERROR:process_reader_win.cc(151)] SuspendThread: Access is denied. (0x5)
[0708/193059.678:ERROR:exception_snapshot_win.cc(98)] thread ID 2264 not found in process
[0709/184022.704:ERROR:process_reader_win.cc(123)] NtOpenThread: {Access Denied} A process has requested access to an object, but has not been granted those access rights. (0xc0000022)
[0709/184023.232:ERROR:exception_snapshot_win.cc(98)] thread ID 6820 not found in process
[0709/184023.256:ERROR:process_reader_win.cc(151)] SuspendThread: Access is denied. (0x5)
[0709/184023.256:ERROR:process_reader_win.cc(151)] SuspendThread: Access is denied. (0x5)
[0709/184023.256:ERROR:process_reader_win.cc(151)] SuspendThread: Access is denied. (0x5)
[0709/184023.256:ERROR:process_reader_win.cc(151)] SuspendThread: Access is denied. (0x5)
[0709/184023.256:ERROR:process_reader_win.cc(151)] SuspendThread: Access is denied. (0x5)
[0709/184023.256:ERROR:process_reader_win.cc(123)] NtOpenThread: {Access Denied} A process has requested access to an object, but has not been granted those access rights. (0xc0000022)
[0709/184023.256:ERROR:exception_snapshot_win.cc(98)] thread ID 5432 not found in process
[0709/184023.521:ERROR:process_reader_win.cc(123)] NtOpenThread: {Access Denied} A process has requested access to an object, but has not been granted those access rights. (0xc0000022)
[0709/184023.521:ERROR:exception_snapshot_win.cc(98)] thread ID 5416 not found in process
